<?xml version="1.0" encoding="UTF-8"?>
<!-- Generated by org.testng.reporters.JUnitXMLReporter -->
<testsuite ignored="2" hostname="DESKTOP-EGG68CQ" failures="1" tests="3" name="EdgeTest" time="103.43" errors="0" timestamp="2022-03-11T00:24:20 IST">
  <testcase classname="passionate.TestClassHeader" name="verifyRetrunsAndOrdersTab" time="25.592"/>
  <testcase classname="passionate.TestClassMobileRecharge" name="verifyMobileRechareButton" time="1.785"/>
  <testcase classname="passionate.TestClassMobileRecharge" name="verifyPayButton" time="11.93">
    <failure type="java.lang.AssertionError" message="expected [https://www.amazon.in/gp/buy/payselect/handlers/display.html?hasWorkingJavascript=1] but found [https://www.amazon.in/hfc/mobileRecharge?ref_=apay_deskhome_MobileRecharge]">
      <![CDATA[java.lang.AssertionError: expected [https://www.amazon.in/gp/buy/payselect/handlers/display.html?hasWorkingJavascript=1] but found [https://www.amazon.in/hfc/mobileRecharge?ref_=apay_deskhome_MobileRecharge]
at passionate.TestClassMobileRecharge.verifyPayButton(TestClassMobileRecharge.java:178)
at java.base/java.util.concurrent.ThreadPoolExecutor.runWorker(ThreadPoolExecutor.java:1136)
at java.base/java.util.concurrent.ThreadPoolExecutor$Worker.run(ThreadPoolExecutor.java:635)
at java.base/java.lang.Thread.run(Thread.java:833)
... Removed 18 stack frames]]>
    </failure>
  </testcase> <!-- verifyPayButton -->
  <testcase classname="passionate.TestClassHeader" name="verifyCartTab" time="0.0">
    <ignored/>
  </testcase> <!-- verifyCartTab -->
  <testcase classname="passionate.TestClassHeader" name="verifyAmazonPayTab" time="0.0">
    <ignored/>
  </testcase> <!-- verifyAmazonPayTab -->
</testsuite> <!-- EdgeTest -->
