<?xml version="1.0" encoding="UTF-8"?>
<!-- Generated by org.testng.reporters.JUnitXMLReporter -->
<testsuite ignored="0" hostname="DESKTOP-EGG68CQ" failures="2" tests="2" name="ChromeTest(failed)" time="56.449" errors="0" timestamp="2022-03-10T18:37:32 IST">
  <testcase classname="passionate.TestClassMobileRecharge" name="verifyMobileRechareButton" time="0.467">
    <failure type="java.lang.AssertionError" message="The following asserts failed:
	Edit operator and circle button is visible expected [true] but found [false]">
      <![CDATA[java.lang.AssertionError: The following asserts failed:
Edit operator and circle button is visible expected [true] but found [false]
at passionate.TestClassMobileRecharge.verifyMobileRechareButton(TestClassMobileRecharge.java:131)
at java.base/java.util.concurrent.ThreadPoolExecutor.runWorker(ThreadPoolExecutor.java:1136)
at java.base/java.util.concurrent.ThreadPoolExecutor$Worker.run(ThreadPoolExecutor.java:635)
at java.base/java.lang.Thread.run(Thread.java:833)
... Removed 14 stack frames]]>
    </failure>
  </testcase> <!-- verifyMobileRechareButton -->
  <testcase classname="passionate.TestClassMobileRecharge" name="verifyPayButton" time="11.693">
    <failure type="java.lang.AssertionError" message="expected [Select a Payment Method - Amazon.in Checkou] but found [Select a Payment Method - Amazon.in Checkout]">
      <![CDATA[java.lang.AssertionError: expected [Select a Payment Method - Amazon.in Checkou] but found [Select a Payment Method - Amazon.in Checkout]
at passionate.TestClassMobileRecharge.verifyPayButton(TestClassMobileRecharge.java:169)
at java.base/java.util.concurrent.ThreadPoolExecutor.runWorker(ThreadPoolExecutor.java:1136)
at java.base/java.util.concurrent.ThreadPoolExecutor$Worker.run(ThreadPoolExecutor.java:635)
at java.base/java.lang.Thread.run(Thread.java:833)
... Removed 18 stack frames]]>
    </failure>
  </testcase> <!-- verifyPayButton -->
</testsuite> <!-- ChromeTest(failed) -->
