<?xml version="1.0" encoding="UTF-8"?>
<!-- Generated by org.testng.reporters.JUnitReportReporter -->
<testsuite hostname="DESKTOP-EGG68CQ" failures="0" tests="4" name="passionate.TestClassHeader" time="-1650275456.000" errors="1" timestamp="2022-04-18T15:22:25 IST" skipped="3">
  <testcase classname="passionate.TestClassHeader" name="verifyCartTab" time="0.000">
    <skipped/>
  </testcase> <!-- verifyCartTab -->
  <system-out/>
  <testcase classname="passionate.TestClassHeader" name="verifyAmazonPayTab" time="0.001">
    <skipped/>
  </testcase> <!-- verifyAmazonPayTab -->
  <system-out/>
  <testcase classname="passionate.TestClassHeader" name="verifyRetrunsAndOrdersTab" time="0.000">
    <skipped/>
  </testcase> <!-- verifyRetrunsAndOrdersTab -->
  <system-out/>
  <testcase classname="passionate.TestClassHeader" name="lauchBrowser" time="-1650275456.000">
    <error message="
Parameter &#039;browser&#039; is required by BeforeTest on method lauchBrowser but has not been marked @Optional or defined
in C:\Users\dhananjay\AppData\Local\Temp\testng-eclipse--140177967\testng-customsuite.xml" type="org.testng.TestNGException">
      <![CDATA[org.testng.TestNGException: 
Parameter 'browser' is required by BeforeTest on method lauchBrowser but has not been marked @Optional or defined
in C:\Users\dhananjay\AppData\Local\Temp\testng-eclipse--140177967\testng-customsuite.xml
at org.testng.internal.Parameters.createParams(Parameters.java:267)
at org.testng.internal.Parameters.createParametersForMethod(Parameters.java:355)
at org.testng.internal.Parameters.createParameters(Parameters.java:660)
at org.testng.internal.Parameters.createConfigurationParameters(Parameters.java:166)
at org.testng.internal.invokers.ConfigInvoker.invokeConfigurations(ConfigInvoker.java:300)
at org.testng.TestRunner.invokeTestConfigurations(TestRunner.java:645)
at org.testng.TestRunner.beforeRun(TestRunner.java:634)
at org.testng.TestRunner.run(TestRunner.java:596)
at org.testng.SuiteRunner.runTest(SuiteRunner.java:429)
at org.testng.SuiteRunner.runSequentially(SuiteRunner.java:423)
at org.testng.SuiteRunner.privateRun(SuiteRunner.java:383)
at org.testng.SuiteRunner.run(SuiteRunner.java:326)
at org.testng.SuiteRunnerWorker.runSuite(SuiteRunnerWorker.java:52)
at org.testng.SuiteRunnerWorker.run(SuiteRunnerWorker.java:95)
at org.testng.TestNG.runSuitesSequentially(TestNG.java:1249)
at org.testng.TestNG.runSuitesLocally(TestNG.java:1169)
at org.testng.TestNG.runSuites(TestNG.java:1092)
at org.testng.TestNG.run(TestNG.java:1060)
at org.testng.remote.AbstractRemoteTestNG.run(AbstractRemoteTestNG.java:115)
at org.testng.remote.RemoteTestNG.initAndRun(RemoteTestNG.java:251)
at org.testng.remote.RemoteTestNG.main(RemoteTestNG.java:77)
]]>
    </error>
  </testcase> <!-- lauchBrowser -->
  <system-out/>
</testsuite> <!-- passionate.TestClassHeader -->
