<?xml version="1.0" encoding="UTF-8"?>
<testng-results ignored="0" total="3" passed="0" failed="0" skipped="3">
  <reporter-output>
  </reporter-output>
  <suite started-at="2022-04-18T15:22:24 IST" name="Default suite" finished-at="2022-04-18T15:22:24 IST" duration-ms="100">
    <groups>
    </groups>
    <test started-at="2022-04-18T15:22:24 IST" name="Default test" finished-at="2022-04-18T15:22:24 IST" duration-ms="100">
      <class name="passionate.TestClassHeader">
        <test-method is-config="true" signature="lauchBrowser(java.lang.String)[pri:0, instance:passionate.TestClassHeader@bae7dc0]" started-at="2022-04-18T15:22:24 IST" name="lauchBrowser" finished-at="1970-01-01T05:30:00 IST" duration-ms="-1650275544893" status="FAIL">
          <exception class="org.testng.TestNGException">
            <message>
              <![CDATA[
Parameter 'browser' is required by BeforeTest on method lauchBrowser but has not been marked @Optional or defined
in C:\Users\dhananjay\AppData\Local\Temp\testng-eclipse--140177967\testng-customsuite.xml]]>
            </message>
            <full-stacktrace>
              <![CDATA[org.testng.TestNGException: 
Parameter 'browser' is required by BeforeTest on method lauchBrowser but has not been marked @Optional or defined
in C:\Users\dhananjay\AppData\Local\Temp\testng-eclipse--140177967\testng-customsuite.xml
at org.testng.internal.Parameters.createParams(Parameters.java:267)
at org.testng.internal.Parameters.createParametersForMethod(Parameters.java:355)
at org.testng.internal.Parameters.createParameters(Parameters.java:660)
at org.testng.internal.Parameters.createConfigurationParameters(Parameters.java:166)
at org.testng.internal.invokers.ConfigInvoker.invokeConfigurations(ConfigInvoker.java:300)
at org.testng.TestRunner.invokeTestConfigurations(TestRunner.java:645)
at org.testng.TestRunner.beforeRun(TestRunner.java:634)
at org.testng.TestRunner.run(TestRunner.java:596)
at org.testng.SuiteRunner.runTest(SuiteRunner.java:429)
at org.testng.SuiteRunner.runSequentially(SuiteRunner.java:423)
at org.testng.SuiteRunner.privateRun(SuiteRunner.java:383)
at org.testng.SuiteRunner.run(SuiteRunner.java:326)
at org.testng.SuiteRunnerWorker.runSuite(SuiteRunnerWorker.java:52)
at org.testng.SuiteRunnerWorker.run(SuiteRunnerWorker.java:95)
at org.testng.TestNG.runSuitesSequentially(TestNG.java:1249)
at org.testng.TestNG.runSuitesLocally(TestNG.java:1169)
at org.testng.TestNG.runSuites(TestNG.java:1092)
at org.testng.TestNG.run(TestNG.java:1060)
at org.testng.remote.AbstractRemoteTestNG.run(AbstractRemoteTestNG.java:115)
at org.testng.remote.RemoteTestNG.initAndRun(RemoteTestNG.java:251)
at org.testng.remote.RemoteTestNG.main(RemoteTestNG.java:77)
]]>
            </full-stacktrace>
          </exception> <!-- org.testng.TestNGException -->
          <reporter-output>
          </reporter-output>
        </test-method> <!-- lauchBrowser -->
        <test-method is-config="true" signature="createObjectOfPOMClasses()[pri:0, instance:passionate.TestClassHeader@bae7dc0]" started-at="2022-04-18T15:22:24 IST" name="createObjectOfPOMClasses" finished-at="2022-04-18T15:22:24 IST" duration-ms="0" status="SKIP">
          <reporter-output>
          </reporter-output>
        </test-method> <!-- createObjectOfPOMClasses -->
        <test-method is-config="true" signature="signInToApplication()[pri:0, instance:passionate.TestClassHeader@bae7dc0]" started-at="2022-04-18T15:22:24 IST" name="signInToApplication" finished-at="2022-04-18T15:22:24 IST" duration-ms="0" status="SKIP">
          <reporter-output>
          </reporter-output>
        </test-method> <!-- signInToApplication -->
        <test-method signature="verifyAmazonPayTab()[pri:0, instance:passionate.TestClassHeader@bae7dc0]" started-at="2022-04-18T15:22:24 IST" name="verifyAmazonPayTab" finished-at="2022-04-18T15:22:24 IST" duration-ms="1" status="SKIP">
          <exception class="org.testng.TestNGException">
            <message>
              <![CDATA[
Parameter 'browser' is required by BeforeTest on method lauchBrowser but has not been marked @Optional or defined
in C:\Users\dhananjay\AppData\Local\Temp\testng-eclipse--140177967\testng-customsuite.xml]]>
            </message>
            <full-stacktrace>
              <![CDATA[org.testng.TestNGException: 
Parameter 'browser' is required by BeforeTest on method lauchBrowser but has not been marked @Optional or defined
in C:\Users\dhananjay\AppData\Local\Temp\testng-eclipse--140177967\testng-customsuite.xml
at org.testng.internal.Parameters.createParams(Parameters.java:267)
at org.testng.internal.Parameters.createParametersForMethod(Parameters.java:355)
at org.testng.internal.Parameters.createParameters(Parameters.java:660)
at org.testng.internal.Parameters.createConfigurationParameters(Parameters.java:166)
at org.testng.internal.invokers.ConfigInvoker.invokeConfigurations(ConfigInvoker.java:300)
at org.testng.TestRunner.invokeTestConfigurations(TestRunner.java:645)
at org.testng.TestRunner.beforeRun(TestRunner.java:634)
at org.testng.TestRunner.run(TestRunner.java:596)
at org.testng.SuiteRunner.runTest(SuiteRunner.java:429)
at org.testng.SuiteRunner.runSequentially(SuiteRunner.java:423)
at org.testng.SuiteRunner.privateRun(SuiteRunner.java:383)
at org.testng.SuiteRunner.run(SuiteRunner.java:326)
at org.testng.SuiteRunnerWorker.runSuite(SuiteRunnerWorker.java:52)
at org.testng.SuiteRunnerWorker.run(SuiteRunnerWorker.java:95)
at org.testng.TestNG.runSuitesSequentially(TestNG.java:1249)
at org.testng.TestNG.runSuitesLocally(TestNG.java:1169)
at org.testng.TestNG.runSuites(TestNG.java:1092)
at org.testng.TestNG.run(TestNG.java:1060)
at org.testng.remote.AbstractRemoteTestNG.run(AbstractRemoteTestNG.java:115)
at org.testng.remote.RemoteTestNG.initAndRun(RemoteTestNG.java:251)
at org.testng.remote.RemoteTestNG.main(RemoteTestNG.java:77)
]]>
            </full-stacktrace>
          </exception> <!-- org.testng.TestNGException -->
          <reporter-output>
          </reporter-output>
        </test-method> <!-- verifyAmazonPayTab -->
        <test-method is-config="true" signature="logoutFromApplication()[pri:0, instance:passionate.TestClassHeader@bae7dc0]" started-at="2022-04-18T15:22:24 IST" name="logoutFromApplication" finished-at="2022-04-18T15:22:24 IST" duration-ms="0" status="SKIP">
          <reporter-output>
          </reporter-output>
        </test-method> <!-- logoutFromApplication -->
        <test-method is-config="true" signature="signInToApplication()[pri:0, instance:passionate.TestClassHeader@bae7dc0]" started-at="2022-04-18T15:22:24 IST" name="signInToApplication" finished-at="2022-04-18T15:22:24 IST" duration-ms="0" status="SKIP">
          <reporter-output>
          </reporter-output>
        </test-method> <!-- signInToApplication -->
        <test-method signature="verifyCartTab()[pri:0, instance:passionate.TestClassHeader@bae7dc0]" started-at="2022-04-18T15:22:24 IST" name="verifyCartTab" finished-at="2022-04-18T15:22:24 IST" duration-ms="0" status="SKIP">
          <exception class="org.testng.TestNGException">
            <message>
              <![CDATA[
Parameter 'browser' is required by BeforeTest on method lauchBrowser but has not been marked @Optional or defined
in C:\Users\dhananjay\AppData\Local\Temp\testng-eclipse--140177967\testng-customsuite.xml]]>
            </message>
            <full-stacktrace>
              <![CDATA[org.testng.TestNGException: 
Parameter 'browser' is required by BeforeTest on method lauchBrowser but has not been marked @Optional or defined
in C:\Users\dhananjay\AppData\Local\Temp\testng-eclipse--140177967\testng-customsuite.xml
at org.testng.internal.Parameters.createParams(Parameters.java:267)
at org.testng.internal.Parameters.createParametersForMethod(Parameters.java:355)
at org.testng.internal.Parameters.createParameters(Parameters.java:660)
at org.testng.internal.Parameters.createConfigurationParameters(Parameters.java:166)
at org.testng.internal.invokers.ConfigInvoker.invokeConfigurations(ConfigInvoker.java:300)
at org.testng.TestRunner.invokeTestConfigurations(TestRunner.java:645)
at org.testng.TestRunner.beforeRun(TestRunner.java:634)
at org.testng.TestRunner.run(TestRunner.java:596)
at org.testng.SuiteRunner.runTest(SuiteRunner.java:429)
at org.testng.SuiteRunner.runSequentially(SuiteRunner.java:423)
at org.testng.SuiteRunner.privateRun(SuiteRunner.java:383)
at org.testng.SuiteRunner.run(SuiteRunner.java:326)
at org.testng.SuiteRunnerWorker.runSuite(SuiteRunnerWorker.java:52)
at org.testng.SuiteRunnerWorker.run(SuiteRunnerWorker.java:95)
at org.testng.TestNG.runSuitesSequentially(TestNG.java:1249)
at org.testng.TestNG.runSuitesLocally(TestNG.java:1169)
at org.testng.TestNG.runSuites(TestNG.java:1092)
at org.testng.TestNG.run(TestNG.java:1060)
at org.testng.remote.AbstractRemoteTestNG.run(AbstractRemoteTestNG.java:115)
at org.testng.remote.RemoteTestNG.initAndRun(RemoteTestNG.java:251)
at org.testng.remote.RemoteTestNG.main(RemoteTestNG.java:77)
]]>
            </full-stacktrace>
          </exception> <!-- org.testng.TestNGException -->
          <reporter-output>
          </reporter-output>
        </test-method> <!-- verifyCartTab -->
        <test-method is-config="true" signature="logoutFromApplication()[pri:0, instance:passionate.TestClassHeader@bae7dc0]" started-at="2022-04-18T15:22:24 IST" name="logoutFromApplication" finished-at="2022-04-18T15:22:24 IST" duration-ms="0" status="SKIP">
          <reporter-output>
          </reporter-output>
        </test-method> <!-- logoutFromApplication -->
        <test-method is-config="true" signature="signInToApplication()[pri:0, instance:passionate.TestClassHeader@bae7dc0]" started-at="2022-04-18T15:22:24 IST" name="signInToApplication" finished-at="2022-04-18T15:22:24 IST" duration-ms="0" status="SKIP">
          <reporter-output>
          </reporter-output>
        </test-method> <!-- signInToApplication -->
        <test-method signature="verifyRetrunsAndOrdersTab()[pri:0, instance:passionate.TestClassHeader@bae7dc0]" started-at="2022-04-18T15:22:24 IST" name="verifyRetrunsAndOrdersTab" finished-at="2022-04-18T15:22:24 IST" duration-ms="0" status="SKIP">
          <exception class="org.testng.TestNGException">
            <message>
              <![CDATA[
Parameter 'browser' is required by BeforeTest on method lauchBrowser but has not been marked @Optional or defined
in C:\Users\dhananjay\AppData\Local\Temp\testng-eclipse--140177967\testng-customsuite.xml]]>
            </message>
            <full-stacktrace>
              <![CDATA[org.testng.TestNGException: 
Parameter 'browser' is required by BeforeTest on method lauchBrowser but has not been marked @Optional or defined
in C:\Users\dhananjay\AppData\Local\Temp\testng-eclipse--140177967\testng-customsuite.xml
at org.testng.internal.Parameters.createParams(Parameters.java:267)
at org.testng.internal.Parameters.createParametersForMethod(Parameters.java:355)
at org.testng.internal.Parameters.createParameters(Parameters.java:660)
at org.testng.internal.Parameters.createConfigurationParameters(Parameters.java:166)
at org.testng.internal.invokers.ConfigInvoker.invokeConfigurations(ConfigInvoker.java:300)
at org.testng.TestRunner.invokeTestConfigurations(TestRunner.java:645)
at org.testng.TestRunner.beforeRun(TestRunner.java:634)
at org.testng.TestRunner.run(TestRunner.java:596)
at org.testng.SuiteRunner.runTest(SuiteRunner.java:429)
at org.testng.SuiteRunner.runSequentially(SuiteRunner.java:423)
at org.testng.SuiteRunner.privateRun(SuiteRunner.java:383)
at org.testng.SuiteRunner.run(SuiteRunner.java:326)
at org.testng.SuiteRunnerWorker.runSuite(SuiteRunnerWorker.java:52)
at org.testng.SuiteRunnerWorker.run(SuiteRunnerWorker.java:95)
at org.testng.TestNG.runSuitesSequentially(TestNG.java:1249)
at org.testng.TestNG.runSuitesLocally(TestNG.java:1169)
at org.testng.TestNG.runSuites(TestNG.java:1092)
at org.testng.TestNG.run(TestNG.java:1060)
at org.testng.remote.AbstractRemoteTestNG.run(AbstractRemoteTestNG.java:115)
at org.testng.remote.RemoteTestNG.initAndRun(RemoteTestNG.java:251)
at org.testng.remote.RemoteTestNG.main(RemoteTestNG.java:77)
]]>
            </full-stacktrace>
          </exception> <!-- org.testng.TestNGException -->
          <reporter-output>
          </reporter-output>
        </test-method> <!-- verifyRetrunsAndOrdersTab -->
        <test-method is-config="true" signature="logoutFromApplication()[pri:0, instance:passionate.TestClassHeader@bae7dc0]" started-at="2022-04-18T15:22:24 IST" name="logoutFromApplication" finished-at="2022-04-18T15:22:24 IST" duration-ms="0" status="SKIP">
          <reporter-output>
          </reporter-output>
        </test-method> <!-- logoutFromApplication -->
        <test-method is-config="true" signature="clearPOMClassObjectReferences()[pri:0, instance:passionate.TestClassHeader@bae7dc0]" started-at="2022-04-18T15:22:24 IST" name="clearPOMClassObjectReferences" finished-at="2022-04-18T15:22:24 IST" duration-ms="0" status="SKIP">
          <reporter-output>
          </reporter-output>
        </test-method> <!-- clearPOMClassObjectReferences -->
        <test-method is-config="true" signature="closeTheBrowser()[pri:0, instance:passionate.TestClassHeader@bae7dc0]" started-at="2022-04-18T15:22:24 IST" name="closeTheBrowser" finished-at="2022-04-18T15:22:24 IST" duration-ms="0" status="SKIP">
          <reporter-output>
          </reporter-output>
        </test-method> <!-- closeTheBrowser -->
      </class> <!-- passionate.TestClassHeader -->
    </test> <!-- Default test -->
  </suite> <!-- Default suite -->
</testng-results>
