<?xml version="1.0" encoding="UTF-8"?>
<!-- Generated by org.testng.reporters.JUnitXMLReporter -->
<testsuite ignored="0" hostname="DESKTOP-EGG68CQ" failures="1" tests="2" name="EdgeTest(failed)(failed)" time="81.493" errors="0" timestamp="2022-03-10T18:43:29 IST">
  <testcase classname="passionate.TestClassMobileRecharge" name="verifyMobileRechareButton" time="0.35"/>
  <testcase classname="passionate.TestClassMobileRecharge" name="verifyPayButton" time="14.366">
    <failure type="java.lang.AssertionError" message="expected [https://www.amazon.in/gp/buy/payselect/handlers/display.html?hasWorkingJavascript=1] but found [https://www.amazon.in/hfc/mobileRecharge?ref_=apay_deskhome_MobileRecharge]">
      <![CDATA[java.lang.AssertionError: expected [https://www.amazon.in/gp/buy/payselect/handlers/display.html?hasWorkingJavascript=1] but found [https://www.amazon.in/hfc/mobileRecharge?ref_=apay_deskhome_MobileRecharge]
at passionate.TestClassMobileRecharge.verifyPayButton(TestClassMobileRecharge.java:168)
at java.base/java.util.concurrent.ThreadPoolExecutor.runWorker(ThreadPoolExecutor.java:1136)
at java.base/java.util.concurrent.ThreadPoolExecutor$Worker.run(ThreadPoolExecutor.java:635)
at java.base/java.lang.Thread.run(Thread.java:833)
... Removed 18 stack frames]]>
    </failure>
  </testcase> <!-- verifyPayButton -->
</testsuite> <!-- EdgeTest(failed)(failed) -->
